<?xml version="1.0" encoding="UTF-8"?>
<!-- Generated by org.testng.reporters.JUnitReportReporter -->
<testsuite skipped="0" hostname="DESKTOP-DE6CKH6" name="InstaSalla.UserApp.Login" tests="1" failures="0" timestamp="14 ماي 2018 11:40:33 GMT" time="14.141" errors="0">
  <testcase name="login" time="14.141" classname="InstaSalla.UserApp.Login"/>
</testsuite> <!-- InstaSalla.UserApp.Login -->
