<?xml version="1.0" encoding="UTF-8"?>
<!-- Generated by org.testng.reporters.JUnitReportReporter -->
<testsuite skipped="0" hostname="DESKTOP-DE6CKH6" name="InstaSalla.TestCases.AddOrder" tests="2" failures="0" timestamp="14 ماي 2018 14:58:36 GMT" time="101.069" errors="0">
  <testcase name="addOrder" time="51.241" classname="InstaSalla.TestCases.AddOrder"/>
  <testcase name="addOrder" time="49.828" classname="InstaSalla.TestCases.AddOrder"/>
</testsuite> <!-- InstaSalla.TestCases.AddOrder -->
