<?xml version="1.0" encoding="UTF-8"?>
<!-- Generated by org.testng.reporters.JUnitReportReporter -->
<testsuite skipped="0" hostname="DESKTOP-DE6CKH6" name="InstaSalla.UserApp.AddOrder" tests="6" failures="0" timestamp="14 ماي 2018 11:22:32 GMT" time="49.047" errors="0">
  <testcase name="addItems" time="15.580" classname="InstaSalla.UserApp.AddOrder"/>
  <testcase name="viewCart" time="1.038" classname="InstaSalla.UserApp.AddOrder"/>
  <testcase name="confirmOrder" time="1.757" classname="InstaSalla.UserApp.AddOrder"/>
  <testcase name="changeTime" time="7.437" classname="InstaSalla.UserApp.AddOrder"/>
  <testcase name="choosePaymentMethod" time="22.860" classname="InstaSalla.UserApp.AddOrder"/>
  <testcase name="checkout" time="0.375" classname="InstaSalla.UserApp.AddOrder"/>
</testsuite> <!-- InstaSalla.UserApp.AddOrder -->
