<?xml version="1.0" encoding="UTF-8"?>
<!-- Generated by org.testng.reporters.JUnitReportReporter -->
<testsuite skipped="0" hostname="DESKTOP-DE6CKH6" name="InstaSalla.UserApp.ChooseStore" tests="3" failures="0" timestamp="14 ماي 2018 11:40:33 GMT" time="5.670" errors="0">
  <testcase name="selectAddress" time="3.271" classname="InstaSalla.UserApp.ChooseStore"/>
  <testcase name="filter" time="1.347" classname="InstaSalla.UserApp.ChooseStore"/>
  <testcase name="chooseStore" time="1.052" classname="InstaSalla.UserApp.ChooseStore"/>
</testsuite> <!-- InstaSalla.UserApp.ChooseStore -->
