<?xml version="1.0" encoding="UTF-8"?>
<!-- Generated by org.testng.reporters.JUnitReportReporter -->
<testsuite skipped="0" hostname="DESKTOP-DE6CKH6" name="InstaSalla.UserApp.OrderHistory" tests="4" failures="0" timestamp="14 ماي 2018 12:06:51 GMT" time="46.877" errors="0">
  <testcase name="orderHistory" time="6.686" classname="InstaSalla.UserApp.OrderHistory"/>
  <testcase name="trackOrder" time="7.078" classname="InstaSalla.UserApp.OrderHistory"/>
  <testcase name="reorder" time="0.756" classname="InstaSalla.UserApp.OrderHistory"/>
  <testcase name="completeOrder" time="32.357" classname="InstaSalla.UserApp.OrderHistory"/>
</testsuite> <!-- InstaSalla.UserApp.OrderHistory -->
